C51 COMPILER V7.08   7SEGMENT_WITH_SWITCH                                                  08/27/2014 20:43:16 PAGE 1   


C51 COMPILER V7.08, COMPILATION OF MODULE 7SEGMENT_WITH_SWITCH
OBJECT MODULE PLACED IN C:\isp\7segment_with_switch.obj
COMPILER INVOKED BY: C:\Keil2\C51\BIN\C51.EXE 7segment_with_switch.c BROWSE DEBUG OBJECTEXTEND OBJECT(C:\isp\7segment_wi
                    -th_switch.obj)

line level    source

   1          #include"reg51.h"
   2          #include"seg.h"
   3          #include"delays.h"
   4          
   5          sbit sw1=P2^4;
   6          sbit sw2=P2^5;
   7          
   8          void dispi_2_mux_segs(unsigned int n,int t);
   9          main()
  10          {
  11   1              unsigned char i;
  12   1              char j;
  13   1              while(sw2)
  14   1              {
  15   2                      dispi_2_mux_segs(i,0);
  16   2                      if(sw1==0)
  17   2                      {
  18   3                              i++;
  19   3                              if(i==60)
  20   3                              i=0;
  21   3                              while(sw1==0)
  22   3                              dispi_2_mux_segs(i,0);
  23   3                      }
  24   2              }               
  25   1              while(i>=0)
  26   1              {
  27   2              for(j=250;j>0;j--);
  28   2              dispi_2_mux_segs(i,0);
  29   2              i--;
  30   2              }
  31   1              while(1);
  32   1      }


MODULE INFORMATION:   STATIC OVERLAYABLE
   CODE SIZE        =     77    ----
   CONSTANT SIZE    =   ----    ----
   XDATA SIZE       =   ----    ----
   PDATA SIZE       =   ----    ----
   DATA SIZE        =   ----       1
   IDATA SIZE       =   ----    ----
   BIT SIZE         =   ----    ----
END OF MODULE INFORMATION.


C51 COMPILATION COMPLETE.  0 WARNING(S),  0 ERROR(S)
