C51 COMPILER V7.08   DISP1I_4_MUX_SEGS                                                     08/28/2014 14:34:05 PAGE 1   


C51 COMPILER V7.08, COMPILATION OF MODULE DISP1I_4_MUX_SEGS
OBJECT MODULE PLACED IN C:\ng\disp1i_4_mux_segs.obj
COMPILER INVOKED BY: C:\KEIL708\C51\BIN\C51.EXE disp1i_4_mux_segs.c BROWSE DEBUG OBJECTEXTEND OBJECT(C:\ng\disp1i_4_mux_
                    -segs.obj)

line level    source

   1          
   2          #include"delays.h"
   3          #include"reg51.h"
   4          
   5          sbit sel1=P2^3;
   6          sbit sel2=P2^2;
   7          sbit sel3=P2^1;
   8          sbit sel4=P2^0;
   9          
  10          sbit seg_dp=P0^7;
  11          sbit seg_g=P0^6;
  12          sbit seg_f=P0^5;
  13          sbit seg_e=P0^4;
  14          sbit seg_d=P0^3;
  15          sbit seg_c=P0^2;
  16          sbit seg_b=P0^1;
  17          sbit seg_a=P0^0;
  18          
  19          code unsigned char seg_lut[]={0xc0,0xf9,0xa4,0xb0,0x99,0x92,0x82,0xf8,0x80,0x90};
  20          unsigned char dp1=0xff,dp2=0xff,dp3=0xff,dp4=0xff;
  21          //dp1=0xff;dp2=0xff;dp3=0xff;dp4=0xff;
  22          
  23          bit dp;
  24          void t (unsigned char n)
  25          {
  26   1      unsigned char s=seg_lut[n];
  27   1      seg_dp =dp;
  28   1      seg_g = (s&0x40)?1:0;
  29   1      seg_f = (s&0x20)?1:0;
  30   1      seg_e = (s&0x10)?1:0;
  31   1      seg_d = (s&0x08)?1:0;
  32   1      seg_c = (s&0x04)?1:0;
  33   1      seg_b = (s&0x02)?1:0;
  34   1      seg_a = (s&0x01)?1:0;
  35   1      }
  36          void disp1i_4_mux_segs(unsigned int n)
  37          {
  38   1      
  39   1                      unsigned char t1,t2,t3,t4;
  40   1      
  41   1                      t1=n/1000;t2=(n/100)%10;t3=(n%100)/10;t4=n%10;
  42   1                      
  43   1                      //for decimal poit 
  44   1                      dp=(dp1&0x80)?1:0;
  45   1      
  46   1                      t(t1);
  47   1      
  48   1                      sel1=0;
  49   1                      delay_ms(1);
  50   1                      sel1=1;
  51   1      
  52   1      dp=(dp2&0x80)?1:0;
  53   1                      t(t2);
  54   1                      sel2 = 0;
C51 COMPILER V7.08   DISP1I_4_MUX_SEGS                                                     08/28/2014 14:34:05 PAGE 2   

  55   1                      delay_ms(1);
  56   1                      sel2 = 1;
  57   1      
  58   1      dp=(dp3&0x80)?1:0;
  59   1                      t(t3);
  60   1                      sel3=0;
  61   1                      delay_ms(1);
  62   1                      sel3=1;
  63   1      
  64   1      dp=1;
  65   1                      t(t4);
  66   1                      sel4=0;
  67   1                      delay_ms(1);
  68   1                      sel4=1;
  69   1      }


MODULE INFORMATION:   STATIC OVERLAYABLE
   CODE SIZE        =    252    ----
   CONSTANT SIZE    =     10    ----
   XDATA SIZE       =   ----    ----
   PDATA SIZE       =   ----    ----
   DATA SIZE        =      4       4
   IDATA SIZE       =   ----    ----
   BIT SIZE         =      1    ----
END OF MODULE INFORMATION.


C51 COMPILATION COMPLETE.  0 WARNING(S),  0 ERROR(S)
