C51 COMPILER V7.08   DISPI_4_MUX_SEGS                                                      08/28/2014 14:36:20 PAGE 1   


C51 COMPILER V7.08, COMPILATION OF MODULE DISPI_4_MUX_SEGS
OBJECT MODULE PLACED IN C:\ng\dispi_4_mux_segs.obj
COMPILER INVOKED BY: C:\KEIL708\C51\BIN\C51.EXE dispi_4_mux_segs.c BROWSE DEBUG OBJECTEXTEND OBJECT(C:\ng\dispi_4_mux_se
                    -gs.obj)

line level    source

   1          #include"delays.h"
   2          #include"reg51.h"
   3          sbit sel1=P2^3;
   4          sbit sel2=P2^2;
   5          sbit sel3=P2^1;
   6          sbit sel4=P2^0;
   7          
   8          #define seg P0
   9          
  10          code unsigned char seg_lut[]={0xc0,0xf9,0xa4,0xb0,0x99,0x92,0x82,0xf8,0x80,0x90};
  11          
  12          unsigned char dp1=0xff,dp2=0xff,dp3=0xff,dp4=0xff;
  13          //dp1=0xff;dp2=0xff;dp3=0xff;dp4=0xff;
  14          
  15          void dispi_4_mux_segs(unsigned int n)
  16          {
  17   1                      seg=seg_lut[n/1000]&dp1;
  18   1                      sel1=0;
  19   1                      delay_ms(1);
  20   1                      sel1=1;
  21   1      
  22   1                      seg = seg_lut[(n/100)%10]&dp2;
  23   1                      sel2 = 0;
  24   1                      delay_ms(1);
  25   1                      sel2 = 1;
  26   1      
  27   1                      seg=seg_lut[(n%100)/10]&dp3;
  28   1                      sel3=0;
  29   1                      delay_ms(1);
  30   1                      sel3=1;
  31   1      
  32   1                      seg=seg_lut[n%10]&dp4;
  33   1                      sel4=0;
  34   1                      delay_ms(1);
  35   1                      sel4=1;
  36   1      }
  37          void dispf_4_mux_segs(float f)
  38          {
  39   1              int t;
  40   1              if(f>0.0 && f<10.0)
  41   1              {
  42   2                      t=f*1000;dp1=0x7f;
  43   2              }       
  44   1      
  45   1              else if(f>10.0 && f<100.0)
  46   1              {
  47   2                      t=f*100;dp2=0x7f;
  48   2              }
  49   1              else if(f>100.0 && f<1000.0)
  50   1              {
  51   2                      t=f*10; dp3=0x7f;
  52   2              }
  53   1              dispi_4_mux_segs(t);
  54   1      }
C51 COMPILER V7.08   DISPI_4_MUX_SEGS                                                      08/28/2014 14:36:20 PAGE 2   

  55          void dispi_2_mux_segs(unsigned char n,int t)
  56          {
  57   1              if(t==0)
  58   1              {
  59   2                      seg=seg_lut[n/10];
  60   2                      sel3=0; 
  61   2                      delay_ms(1);
  62   2                      sel3=1; 
  63   2              
  64   2                      seg=seg_lut[n%10];
  65   2                      sel4=0;
  66   2                      delay_ms(1);
  67   2                      sel4=1;                 
  68   2      
  69   2              }       
  70   1              else
  71   1              {
  72   2              seg=seg_lut[n/10];
  73   2              sel1=0;
  74   2              delay_ms(1);
  75   2              sel1=0;
  76   2                      
  77   2              seg=seg_lut[n%10];
  78   2              sel2=0;
  79   2              delay_ms(1);
  80   2              sel2=1;
  81   2              }
  82   1      
  83   1      }
  84          void disp2i_4_mux_segs(unsigned int n)
  85          {
  86   1      
  87   1      unsigned char nod=0,i;
  88   1      unsigned char t=n;
  89   1              while(t)
  90   1              {
  91   2                      nod++;
  92   2                      t=t/10;
  93   2              }
  94   1                      i=nod;
  95   1              while(n)
  96   1              {
  97   2                      seg=seg_lut[n%10];
  98   2                      P2=P2 & (~(1<<(nod-i)));
  99   2              delay_ms(1);
 100   2              P2=0xff;
 101   2              n=n/10;
 102   2              i--;
 103   2               }
 104   1      
 105   1      }
 106          


MODULE INFORMATION:   STATIC OVERLAYABLE
   CODE SIZE        =    608    ----
   CONSTANT SIZE    =     10    ----
   XDATA SIZE       =   ----    ----
   PDATA SIZE       =   ----    ----
   DATA SIZE        =      4      13
   IDATA SIZE       =   ----    ----
   BIT SIZE         =   ----    ----
C51 COMPILER V7.08   DISPI_4_MUX_SEGS                                                      08/28/2014 14:36:20 PAGE 3   

END OF MODULE INFORMATION.


C51 COMPILATION COMPLETE.  0 WARNING(S),  0 ERROR(S)
