A51 MACRO ASSEMBLER  LED_PROG2                                                            01/19/2004 03:11:13 PAGE     1


MACRO ASSEMBLER A51 V7.08a
OBJECT MODULE PLACED IN C:\MYISP\led_prog2.obj
ASSEMBLER INVOKED BY: C:\Keil2\C51\BIN\A51.EXE C:\MYISP\led_prog2.asm SET(SMALL) DEBUG PRINT(.\led_prog2.lst) OBJECT(C:\
                      MYISP\led_prog2.obj) EP

LOC  OBJ            LINE     SOURCE

  00A0                 1     LEDS EQU P2
                       2     ;$include (delay100.asm)
                +1     3     DELAY SEGMENT CODE
----            +1     4     RSEG DELAY 
                +1     5     
0000            +1     6     DELAY100MS:
0000 7D09       +1     7                     MOV R5,#9
0002            +1     8     L2:
0002 1100     F +1     9                     ACALL DELAY10MS
0004 DDFC       +1    10                     DJNZ R5,L2
                +1    11     
0006            +1    12     DELAY10MS:
0006 7E09       +1    13                     mov r6,#9
0008            +1    14     l1:
0008 1100     F +1    15                     acall delay1ms
000A DEFC       +1    16                     djnz r6,l1
000C            +1    17     delay1ms:
000C 7FFF       +1    18                     MOV R7,#255
000E DFFE       +1    19                     DJNZ R7,$
0010 7FF2       +1    20                     MOV R7,#242
0012 DFFE       +1    21                     DJNZ R7,$
0014 22         +1    22                     RET
                      23     
----                  24     cseg at 0
0000                  25     main:
0000 7400             26             MOV A,#0
0002                  27     AGAIN:
                      28     
0002 F5B0             29             mov p3,a
0004 7590FF           30     mov p1,#0ffh
0007 8590A0           31             mov p2,p1
000A 63A0F0           32             xrl p2,#0f0h
                      33             
                      34     
000D 1100     F       35             ACALL DELAY100MS
000F 1100     F       36             ACALL DELAY100MS
0011 1100     F       37             ACALL DELAY100MS
0013 1100     F       38             ACALL DELAY100MS
0015 04               39             INC A
0016 80EA             40             sjmp AGAIN
0018                  41     ENDMAIN:
                      42     end
A51 MACRO ASSEMBLER  LED_PROG2                                                            01/19/2004 03:11:13 PAGE     2

SYMBOL TABLE LISTING
------ ----- -------


N A M E             T Y P E  V A L U E   ATTRIBUTES

AGAIN. . . . . . .  C ADDR   0002H   A   
DELAY. . . . . . .  C SEG    0015H       REL=UNIT
DELAY100MS . . . .  C ADDR   0000H   R   SEG=DELAY
DELAY10MS. . . . .  C ADDR   0006H   R   SEG=DELAY
DELAY1MS . . . . .  C ADDR   000CH   R   SEG=DELAY
ENDMAIN. . . . . .  C ADDR   0018H   A   
L1 . . . . . . . .  C ADDR   0008H   R   SEG=DELAY
L2 . . . . . . . .  C ADDR   0002H   R   SEG=DELAY
LEDS . . . . . . .  D ADDR   00A0H   A   
MAIN . . . . . . .  C ADDR   0000H   A   
P1 . . . . . . . .  D ADDR   0090H   A   
P2 . . . . . . . .  D ADDR   00A0H   A   
P3 . . . . . . . .  D ADDR   00B0H   A   


REGISTER BANK(S) USED: 0 


ASSEMBLY COMPLETE.  0 WARNING(S), 0 ERROR(S)
