A51 MACRO ASSEMBLER  LEDGLOW                                                              08/15/2014 22:39:53 PAGE     1


MACRO ASSEMBLER A51 V7.08a
OBJECT MODULE PLACED IN C:\isp\ledglow.obj
ASSEMBLER INVOKED BY: C:\Keil\C51\BIN\A51.EXE ledglow.asm SET(SMALL) DEBUG OBJECT(C:\isp\ledglow.obj) EP

LOC  OBJ            LINE     SOURCE

                       1     ;$include (delay100.ASM)
                +1     2     DELAY SEGMENT CODE
----            +1     3     RSEG DELAY 
                +1     4     
0000            +1     5     DELAY100MS:
0000 7D09       +1     6                     MOV R5,#9
0002            +1     7     L2:
0002 1100     F +1     8                     ACALL DELAY10MS
0004 DDFC       +1     9                     DJNZ R5,L2
                +1    10     
0006            +1    11     DELAY10MS:
0006 7E09       +1    12                     mov r6,#9
0008            +1    13     l1:
0008 1100     F +1    14                     acall delay1ms
000A DEFC       +1    15                     djnz r6,l1
000C            +1    16     delay1ms:
000C 7FFF       +1    17                     MOV R7,#255
000E DFFE       +1    18                     DJNZ R7,$
0010 7FF2       +1    19                     MOV R7,#242
0012 DFFE       +1    20                     DJNZ R7,$
0014 22         +1    21                     RET
                      22     
  00A4                23     led bit p2.4
----                  24             cseg at 0
0000                  25     main:
                      26     
0000 D2A4             27     setb led 
0002 1100     F       28     acall DELAY100MS
0004 1100     F       29     acall DELAY100MS        
0006 C2A4             30     clr led
0008 1100     F       31     acall DELAY100MS
000A 1100     F       32     acall DELAY100MS        
000C 80F2             33     SJMP main
                      34             
                      35     end
                                     
                                     
A51 MACRO ASSEMBLER  LEDGLOW                                                              08/15/2014 22:39:53 PAGE     2

SYMBOL TABLE LISTING
------ ----- -------


N A M E             T Y P E  V A L U E   ATTRIBUTES

DELAY. . . . . . .  C SEG    0015H       REL=UNIT
DELAY100MS . . . .  C ADDR   0000H   R   SEG=DELAY
DELAY10MS. . . . .  C ADDR   0006H   R   SEG=DELAY
DELAY1MS . . . . .  C ADDR   000CH   R   SEG=DELAY
L1 . . . . . . . .  C ADDR   0008H   R   SEG=DELAY
L2 . . . . . . . .  C ADDR   0002H   R   SEG=DELAY
LED. . . . . . . .  B ADDR   00A0H.4 A   
MAIN . . . . . . .  C ADDR   0000H   A   
P2 . . . . . . . .  D ADDR   00A0H   A   


REGISTER BANK(S) USED: 0 


ASSEMBLY COMPLETE.  0 WARNING(S), 0 ERROR(S)
