C51 COMPILER V7.08   MAIN                                                                  08/28/2014 14:36:19 PAGE 1   


C51 COMPILER V7.08, COMPILATION OF MODULE MAIN
OBJECT MODULE PLACED IN C:\ng\main.obj
COMPILER INVOKED BY: C:\KEIL708\C51\BIN\C51.EXE main.c BROWSE DEBUG OBJECTEXTEND OBJECT(C:\ng\main.obj)

line level    source

   1          #include"reg51.h"
   2          #include"seg.h"
   3          void dispf_4_mux_segs(float );
   4          main()
   5          {
   6   1              //dp3=0x7f;
   7   1      //sel1=0,sel2=0,sel3=0,sel4=0;
   8   1              while(1)
   9   1              {
  10   2              dispf_4_mux_segs(25.0);
  11   2              }
  12   1      }


MODULE INFORMATION:   STATIC OVERLAYABLE
   CODE SIZE        =     13    ----
   CONSTANT SIZE    =   ----    ----
   XDATA SIZE       =   ----    ----
   PDATA SIZE       =   ----    ----
   DATA SIZE        =   ----    ----
   IDATA SIZE       =   ----    ----
   BIT SIZE         =   ----    ----
END OF MODULE INFORMATION.


C51 COMPILATION COMPLETE.  0 WARNING(S),  0 ERROR(S)
