C51 COMPILER V7.08   MCP3204                                                               01/02/2002 03:52:10 PAGE 1   


C51 COMPILER V7.08, COMPILATION OF MODULE MCP3204
OBJECT MODULE PLACED IN C:\isp\mcp3204.obj
COMPILER INVOKED BY: C:\Keil2\C51\BIN\C51.EXE mcp3204.c BROWSE DEBUG OBJECTEXTEND OBJECT(C:\isp\mcp3204.obj)

line level    source

   1          #include<reg51.h>
   2          
   3          sbit clk=P2^4;
   4          sbit din=P2^5;
   5          sbit dout=P2^6;
   6          sbit _cs=P2^7;
   7          
   8          
   9          float read_adc_mcp3204(unsigned char chNo)
  10          {
  11   1                      unsigned int adc_val=0;
  12   1                      char i;
  13   1                      bit d1,d0;
  14   1              if(chNo==0)
  15   1              {
  16   2              d1=d0=0;
  17   2              }
  18   1              else if(chNo==1)
  19   1              {
  20   2              d1=0,d0=1;              
  21   2              }
  22   1              else if(chNo==2)
  23   1              {
  24   2              d1=1,d0=0;              
  25   2              }
  26   1              else
  27   1              {
  28   2              d1=1,d0=1;              
  29   2              }
  30   1              _cs=din=dout=clk=1;
  31   1              _cs=0;
  32   1              clk=0;clk=1;
  33   1              clk=0;clk=1;
  34   1              clk=0;clk=1;
  35   1              clk=0;din=d1;clk=1;
  36   1              clk=0;din=d0;clk=1;
  37   1              clk=0;clk=1;
  38   1              clk=0;clk=1;
  39   1              for(i=11;i>=0;i--)
  40   1              {
  41   2              clk=0;clk=1;
  42   2              if(dout)
  43   2              {
  44   3              adc_val|=1<<i;
  45   3              }
  46   2              _cs=1;
  47   2              return ((adc_val*5.0)/4095);    
  48   2              }       
  49   1      }


MODULE INFORMATION:   STATIC OVERLAYABLE
   CODE SIZE        =    150    ----
   CONSTANT SIZE    =   ----    ----
   XDATA SIZE       =   ----    ----
C51 COMPILER V7.08   MCP3204                                                               01/02/2002 03:52:10 PAGE 2   

   PDATA SIZE       =   ----    ----
   DATA SIZE        =   ----    ----
   IDATA SIZE       =   ----    ----
   BIT SIZE         =   ----       2
END OF MODULE INFORMATION.


C51 COMPILATION COMPLETE.  0 WARNING(S),  0 ERROR(S)
