A51 MACRO ASSEMBLER  ROTATE_BIT                                                           08/07/2014 04:59:23 PAGE     1


MACRO ASSEMBLER A51 V7.08a
OBJECT MODULE PLACED IN rotate_bit.OBJ
ASSEMBLER INVOKED BY: C:\Keil2\C51\BIN\A51.EXE rotate_bit.asm SET(SMALL) DEBUG EP

LOC  OBJ            LINE     SOURCE

----                   1     CSEG AT 0
                       2     
0000 7815              3     mov r0,#15h
0002 7923              4     mov r1,#23h
0004 E8                5     mov a,r0
0005 33                6     rlc a
0006 F8                7     mov r0,a
0007 E9                8     mov a,r1
0008 33                9     rlc a
0009 F9               10     mov r1,a
000A E8               11     mov a,r0
000B 92E0             12     mov acc.0,c
000D F8               13     mov r0,a
                      14     
                      15     end
A51 MACRO ASSEMBLER  ROTATE_BIT                                                           08/07/2014 04:59:23 PAGE     2

SYMBOL TABLE LISTING
------ ----- -------


N A M E             T Y P E  V A L U E   ATTRIBUTES

ACC. . . . . . . .  D ADDR   00E0H   A   


REGISTER BANK(S) USED: 0 


ASSEMBLY COMPLETE.  0 WARNING(S), 0 ERROR(S)
