C51 COMPILER V7.08   SWAP_A_B                                                              08/21/2014 12:57:45 PAGE 1   


C51 COMPILER V7.08, COMPILATION OF MODULE SWAP_A_B
OBJECT MODULE PLACED IN swap_a_b.OBJ
COMPILER INVOKED BY: C:\Keil2\C51\BIN\C51.EXE swap_a_b.c BROWSE DEBUG OBJECTEXTEND SRC(C:\isp\swap_a_b.SRC)

line level    source

   1          //#include<intrins.h>
   2          sfr acc=0xe0;
   3          sfr b=0xf0;
   4          main()
   5          {
   6   1      unsigned char t;
   7   1      acc=0x34;
   8   1      b=0x56;
   9   1      t=acc;
  10   1      acc=b;
  11   1      b=t;
  12   1      }
  13          


MODULE INFORMATION:   STATIC OVERLAYABLE
   CODE SIZE        =     11    ----
   CONSTANT SIZE    =   ----    ----
   XDATA SIZE       =   ----    ----
   PDATA SIZE       =   ----    ----
   DATA SIZE        =   ----    ----
   IDATA SIZE       =   ----    ----
   BIT SIZE         =   ----    ----
END OF MODULE INFORMATION.


C51 COMPILATION COMPLETE.  0 WARNING(S),  0 ERROR(S)
