C51 COMPILER V7.08   UART                                                                  09/13/2014 14:56:03 PAGE 1   


C51 COMPILER V7.08, COMPILATION OF MODULE UART
OBJECT MODULE PLACED IN C:\isp n\uart.obj
COMPILER INVOKED BY: C:\Keil2\C51\BIN\C51.EXE uart.c BROWSE DEBUG OBJECTEXTEND OBJECT(C:\isp n\uart.obj)

line level    source

   1          #include"delays.h"
   2          #include<reg51.h>
   3                  sbit ds=P3^0;
   4          sbit sh_cp=P3^1;
   5          sbit st_cp=P3^2;
   6          
   7          
   8          void write_74hc595(unsigned char dat)
   9          {
  10   1      unsigned char i;
  11   1      for(i=0;i<=7;i++)
  12   1      {
  13   2              sh_cp=0;
  14   2              ds=(dat&(0x80>>i)?1:0);
  15   2              sh_cp=1;
  16   2      }
  17   1      st_cp=0;
  18   1      st_cp=1;
  19   1      }
  20          void main()
  21          {
  22   1              unsigned int i;
  23   1              for(i=0;i<=255;i++)
  24   1              {
  25   2              write_74hc595(i);
  26   2              delay_ms(100);
  27   2              }       
  28   1      }
  29          
  30          
  31          
  32          
  33          
  34          
  35          
  36          
  37          
  38          
  39          
  40          
  41          
  42          


MODULE INFORMATION:   STATIC OVERLAYABLE
   CODE SIZE        =     82    ----
   CONSTANT SIZE    =   ----    ----
   XDATA SIZE       =   ----    ----
   PDATA SIZE       =   ----    ----
   DATA SIZE        =   ----       2
   IDATA SIZE       =   ----    ----
   BIT SIZE         =   ----    ----
END OF MODULE INFORMATION.


C51 COMPILATION COMPLETE.  0 WARNING(S),  0 ERROR(S)
