C51 COMPILER V7.08   UART_MAIN                                                             09/17/2014 23:21:04 PAGE 1   


C51 COMPILER V7.08, COMPILATION OF MODULE UART_MAIN
OBJECT MODULE PLACED IN C:\isp n\uart_main.obj
COMPILER INVOKED BY: C:\Keil2\C51\BIN\C51.EXE uart_main.c BROWSE DEBUG OBJECTEXTEND OBJECT(C:\isp n\uart_main.obj)

line level    source

   1          #include<reg51.h>
   2          #include"uart.h"
   3          main()
   4          {
   5   1               char i,j,k;
   6   1              init_uart();
   7   1      //uart_tx('A');//case1 
   8   1      while(1)
   9   1      {
  10   2              uart_tx('A');
  11   2              j=uart_rx();
  12   2              j=j-48;
  13   2              for(i=7;i>=0;i--)
  14   2              {
  15   3      //      (j&(1<<i))?uart_tx('1'):uart_tx('0');
  16   3      k=(j&(1<<i))?1:0;
  17   3              uart_tx('k');//case2
  18   3              }
  19   2      //      uart_tx('A');   
  20   2              //while(1);
  21   2      }
  22   1      }


MODULE INFORMATION:   STATIC OVERLAYABLE
   CODE SIZE        =     78    ----
   CONSTANT SIZE    =   ----    ----
   XDATA SIZE       =   ----    ----
   PDATA SIZE       =   ----    ----
   DATA SIZE        =   ----       3
   IDATA SIZE       =   ----    ----
   BIT SIZE         =   ----    ----
END OF MODULE INFORMATION.


C51 COMPILATION COMPLETE.  0 WARNING(S),  0 ERROR(S)
